0 info it worked if it ends with ok
1 verbose cli [ 'C:\\Program Files\\nodejs\\\\node.exe',
1 verbose cli   'C:\\Program Files\\nodejs\\node_modules\\npm\\bin\\npm-cli.js',
1 verbose cli   'install',
1 verbose cli   '-g',
1 verbose cli   'grunt2gulp' ]
2 info using npm@2.10.1
3 info using node@v0.12.4
4 verbose install initial load of C:\Users\Aleksandr\AppData\Roaming\npm\package.json
5 verbose readDependencies loading dependencies from C:\Users\Aleksandr\AppData\Roaming\npm\package.json
6 silly cache add args [ 'grunt2gulp', null ]
7 verbose cache add spec grunt2gulp
8 silly cache add parsed spec { raw: 'grunt2gulp',
8 silly cache add   scope: null,
8 silly cache add   name: 'grunt2gulp',
8 silly cache add   rawSpec: '',
8 silly cache add   spec: '*',
8 silly cache add   type: 'range' }
9 silly addNamed grunt2gulp@*
10 verbose addNamed "*" is a valid semver range for grunt2gulp
11 silly addNameRange { name: 'grunt2gulp', range: '*', hasData: false }
12 silly mapToRegistry name grunt2gulp
13 silly mapToRegistry using default registry
14 silly mapToRegistry registry https://registry.npmjs.org/
15 silly mapToRegistry uri https://registry.npmjs.org/grunt2gulp
16 verbose addNameRange registry:https://registry.npmjs.org/grunt2gulp not in flight; fetching
17 verbose request uri https://registry.npmjs.org/grunt2gulp
18 verbose request no auth needed
19 info attempt registry request try #1 at 10:54:17
20 verbose request id 3d38d17ebdbbfda4
21 http request GET https://registry.npmjs.org/grunt2gulp
22 http 200 https://registry.npmjs.org/grunt2gulp
23 silly get cb [ 200,
23 silly get   { server: 'CouchDB/1.5.0 (Erlang OTP/R16B03)',
23 silly get     etag: '"3QPJOW5OMQQWBNE8OOL78PNHB"',
23 silly get     'content-type': 'application/json',
23 silly get     'cache-control': 'max-age=60',
23 silly get     'content-length': '3573',
23 silly get     'accept-ranges': 'bytes',
23 silly get     date: 'Fri, 05 Jun 2015 07:54:05 GMT',
23 silly get     via: '1.1 varnish',
23 silly get     age: '0',
23 silly get     connection: 'keep-alive',
23 silly get     'x-served-by': 'cache-fra1222-FRA',
23 silly get     'x-cache': 'MISS',
23 silly get     'x-cache-hits': '0',
23 silly get     'x-timer': 'S1433490845.689276,VS0,VE108',
23 silly get     vary: 'Accept' } ]
24 verbose get saving grunt2gulp to C:\Users\Aleksandr\AppData\Roaming\npm-cache\registry.npmjs.org\grunt2gulp\.cache.json
25 silly addNameRange number 2 { name: 'grunt2gulp', range: '*', hasData: true }
26 silly addNameRange versions [ 'grunt2gulp', [ '0.0.1' ] ]
27 silly addNamed grunt2gulp@0.0.1
28 verbose addNamed "0.0.1" is a plain semver version for grunt2gulp
29 silly mapToRegistry name grunt2gulp
30 silly mapToRegistry using default registry
31 silly mapToRegistry registry https://registry.npmjs.org/
32 silly mapToRegistry uri https://registry.npmjs.org/grunt2gulp
33 verbose addRemoteTarball https://registry.npmjs.org/grunt2gulp/-/grunt2gulp-0.0.1.tgz not in flight; adding
34 verbose addRemoteTarball [ 'https://registry.npmjs.org/grunt2gulp/-/grunt2gulp-0.0.1.tgz',
34 verbose addRemoteTarball   '4521602441d740dce8221b28823245d25b279696' ]
35 info retry fetch attempt 1 at 10:54:18
36 info attempt registry request try #1 at 10:54:18
37 http fetch GET https://registry.npmjs.org/grunt2gulp/-/grunt2gulp-0.0.1.tgz
38 http fetch 200 https://registry.npmjs.org/grunt2gulp/-/grunt2gulp-0.0.1.tgz
39 silly fetchAndShaCheck shasum 4521602441d740dce8221b28823245d25b279696
40 verbose addTmpTarball C:\Users\ALEKSA~1\AppData\Local\Temp\npm-222184-0359fa23\registry.npmjs.org\grunt2gulp\-\grunt2gulp-0.0.1.tgz not in flight; adding
41 verbose addTmpTarball already have metadata; skipping unpack for grunt2gulp@0.0.1
42 silly cache afterAdd grunt2gulp@0.0.1
43 verbose afterAdd C:\Users\Aleksandr\AppData\Roaming\npm-cache\grunt2gulp\0.0.1\package\package.json not in flight; writing
44 verbose afterAdd C:\Users\Aleksandr\AppData\Roaming\npm-cache\grunt2gulp\0.0.1\package\package.json written
45 silly install resolved [ { name: 'grunt2gulp',
45 silly install resolved     version: '0.0.1',
45 silly install resolved     description: 'converts Gruntfile.js to a gulpjs-compatible file',
45 silly install resolved     main: 'bin/grunt2gulp.js',
45 silly install resolved     bin: { grunt2gulp: 'grunt2gulp.js' },
45 silly install resolved     scripts: { test: 'echo "Error: no test specified" && exit 1' },
45 silly install resolved     keywords: [ 'grunt', 'gulp' ],
45 silly install resolved     author: { name: 'Rudolf Olah', email: 'omouse@gmail.com' },
45 silly install resolved     license: 'GPLv3',
45 silly install resolved     devDependencies:
45 silly install resolved      { gulp: '^3.8.8',
45 silly install resolved        'gulp-concat': '^2.4.1',
45 silly install resolved        'gulp-jshint': '^1.8.4',
45 silly install resolved        'gulp-rename': '^1.2.0',
45 silly install resolved        'gulp-uglify': '^1.0.1' },
45 silly install resolved     gitHead: 'c44909db51240d9c845b40938a4ee3645e342f70',
45 silly install resolved     _id: 'grunt2gulp@0.0.1',
45 silly install resolved     _shasum: '4521602441d740dce8221b28823245d25b279696',
45 silly install resolved     _from: 'grunt2gulp@*',
45 silly install resolved     _npmVersion: '2.1.11',
45 silly install resolved     _nodeVersion: '0.10.30',
45 silly install resolved     _npmUser: { name: 'omouse', email: 'omouse@gmail.com' },
45 silly install resolved     maintainers: [ [Object] ],
45 silly install resolved     dist:
45 silly install resolved      { shasum: '4521602441d740dce8221b28823245d25b279696',
45 silly install resolved        tarball: 'http://registry.npmjs.org/grunt2gulp/-/grunt2gulp-0.0.1.tgz' },
45 silly install resolved     directories: {},
45 silly install resolved     _resolved: 'https://registry.npmjs.org/grunt2gulp/-/grunt2gulp-0.0.1.tgz' } ]
46 info install grunt2gulp@0.0.1 into C:\Users\Aleksandr\AppData\Roaming\npm
47 info installOne grunt2gulp@0.0.1
48 verbose installOne of grunt2gulp to C:\Users\Aleksandr\AppData\Roaming\npm not in flight; installing
49 verbose lock using C:\Users\Aleksandr\AppData\Roaming\npm-cache\_locks\grunt2gulp-463d3fd2b939a21c.lock for C:\Users\Aleksandr\AppData\Roaming\npm\node_modules\grunt2gulp
50 silly install write writing grunt2gulp 0.0.1 to C:\Users\Aleksandr\AppData\Roaming\npm\node_modules\grunt2gulp
51 verbose unbuild node_modules\grunt2gulp
52 silly gentlyRm C:\Users\Aleksandr\AppData\Roaming\npm\node_modules\grunt2gulp is being purged from base C:\Users\Aleksandr\AppData\Roaming\npm
53 verbose gentlyRm don't care about contents; nuking C:\Users\Aleksandr\AppData\Roaming\npm\node_modules\grunt2gulp
54 verbose tar unpack C:\Users\Aleksandr\AppData\Roaming\npm-cache\grunt2gulp\0.0.1\package.tgz
55 verbose tar unpacking to C:\Users\Aleksandr\AppData\Roaming\npm\node_modules\grunt2gulp
56 silly gentlyRm C:\Users\Aleksandr\AppData\Roaming\npm\node_modules\grunt2gulp is being purged
57 verbose gentlyRm don't care about contents; nuking C:\Users\Aleksandr\AppData\Roaming\npm\node_modules\grunt2gulp
58 silly gunzTarPerm modes [ '777', '666' ]
59 silly gunzTarPerm extractEntry package.json
60 silly gunzTarPerm modified mode [ 'package.json', 420, 438 ]
61 silly gunzTarPerm extractEntry .npmignore
62 silly gunzTarPerm modified mode [ '.npmignore', 420, 438 ]
63 silly gunzTarPerm extractEntry README.md
64 silly gunzTarPerm modified mode [ 'README.md', 420, 438 ]
65 silly gunzTarPerm extractEntry LICENSE
66 silly gunzTarPerm modified mode [ 'LICENSE', 420, 438 ]
67 silly gunzTarPerm extractEntry bin/grunt2gulp.js
68 silly gunzTarPerm modified mode [ 'bin/grunt2gulp.js', 484, 502 ]
69 silly gunzTarPerm extractEntry examples/complex-gruntfile.js
70 silly gunzTarPerm modified mode [ 'examples/complex-gruntfile.js', 420, 438 ]
71 silly gunzTarPerm extractEntry examples/simple-gruntfile.js
72 silly gunzTarPerm modified mode [ 'examples/simple-gruntfile.js', 420, 438 ]
73 silly gunzTarPerm extractEntry examples/simple-gulpfile.js
74 silly gunzTarPerm modified mode [ 'examples/simple-gulpfile.js', 420, 438 ]
75 silly gunzTarPerm extractEntry examples/yeoman-generated-issue2.js
76 silly gunzTarPerm modified mode [ 'examples/yeoman-generated-issue2.js', 420, 438 ]
77 verbose write writing to C:\Users\Aleksandr\AppData\Roaming\npm\node_modules\grunt2gulp\package.json
78 info preinstall grunt2gulp@0.0.1
79 verbose readDependencies loading dependencies from C:\Users\Aleksandr\AppData\Roaming\npm\node_modules\grunt2gulp\package.json
80 verbose readDependencies loading dependencies from C:\Users\Aleksandr\AppData\Roaming\npm\node_modules\grunt2gulp\package.json
81 silly install resolved []
82 verbose about to build C:\Users\Aleksandr\AppData\Roaming\npm\node_modules\grunt2gulp
83 info build C:\Users\Aleksandr\AppData\Roaming\npm\node_modules\grunt2gulp
84 info linkStuff grunt2gulp@0.0.1
85 silly linkStuff grunt2gulp@0.0.1 has C:\Users\Aleksandr\AppData\Roaming\npm\node_modules as its parent node_modules
86 silly linkStuff grunt2gulp@0.0.1 is part of a global install
87 silly linkStuff grunt2gulp@0.0.1 is installed into a global node_modules
88 silly linkStuff grunt2gulp@0.0.1 is installed into the top-level global node_modules
89 verbose linkBins grunt2gulp@0.0.1
90 verbose link bins [ { grunt2gulp: 'grunt2gulp.js' },
90 verbose link bins   'C:\\Users\\Aleksandr\\AppData\\Roaming\\npm',
90 verbose link bins   true ]
91 verbose linkMans grunt2gulp@0.0.1
92 verbose rebuildBundles grunt2gulp@0.0.1
93 verbose unlock done using C:\Users\Aleksandr\AppData\Roaming\npm-cache\_locks\grunt2gulp-463d3fd2b939a21c.lock for C:\Users\Aleksandr\AppData\Roaming\npm\node_modules\grunt2gulp
94 verbose stack Error: ENOENT, chmod 'C:\Users\Aleksandr\AppData\Roaming\npm\node_modules\grunt2gulp\grunt2gulp.js'
94 verbose stack     at Error (native)
95 verbose cwd D:\Dropbox\OpenServer\domains\komedianty.abnmt.com\themes\komedianty
96 error Windows_NT 6.3.9600
97 error argv "C:\\Program Files\\nodejs\\\\node.exe" "C:\\Program Files\\nodejs\\node_modules\\npm\\bin\\npm-cli.js" "install" "-g" "grunt2gulp"
98 error node v0.12.4
99 error npm  v2.10.1
100 error path C:\Users\Aleksandr\AppData\Roaming\npm\node_modules\grunt2gulp\grunt2gulp.js
101 error code ENOENT
102 error errno -4058
103 error enoent ENOENT, chmod 'C:\Users\Aleksandr\AppData\Roaming\npm\node_modules\grunt2gulp\grunt2gulp.js'
103 error enoent This is most likely not a problem with npm itself
103 error enoent and is related to npm not being able to find a file.
104 verbose exit [ -4058, true ]
105 verbose unbuild node_modules\grunt2gulp
106 info preuninstall grunt2gulp@0.0.1
107 info uninstall grunt2gulp@0.0.1
108 verbose unbuild rmStuff grunt2gulp@0.0.1 from C:\Users\Aleksandr\AppData\Roaming\npm\node_modules
109 silly gentlyRm C:\Users\Aleksandr\AppData\Roaming\npm\grunt2gulp.cmd is being gently removed
110 silly gentlyRm verifying C:\Users\Aleksandr\AppData\Roaming\npm is an npm working directory
111 silly gentlyRm containing path C:\Users\Aleksandr\AppData\Roaming\npm is under npm's control, in C:\Users\Aleksandr\AppData\Roaming\npm
112 silly gentlyRm deletion target C:\Users\Aleksandr\AppData\Roaming\npm\grunt2gulp.cmd is under C:\Users\Aleksandr\AppData\Roaming\npm
113 verbose gentlyRm vacuuming from C:\Users\Aleksandr\AppData\Roaming\npm\grunt2gulp.cmd up to C:\Users\Aleksandr\AppData\Roaming\npm
114 silly gentlyRm C:\Users\Aleksandr\AppData\Roaming\npm\grunt2gulp is being gently removed
115 silly gentlyRm verifying C:\Users\Aleksandr\AppData\Roaming\npm is an npm working directory
116 silly gentlyRm containing path C:\Users\Aleksandr\AppData\Roaming\npm is under npm's control, in C:\Users\Aleksandr\AppData\Roaming\npm
117 silly gentlyRm deletion target C:\Users\Aleksandr\AppData\Roaming\npm\grunt2gulp is under C:\Users\Aleksandr\AppData\Roaming\npm
118 verbose gentlyRm vacuuming from C:\Users\Aleksandr\AppData\Roaming\npm\grunt2gulp up to C:\Users\Aleksandr\AppData\Roaming\npm
119 info postuninstall grunt2gulp@0.0.1
120 silly gentlyRm C:\Users\Aleksandr\AppData\Roaming\npm\node_modules\grunt2gulp is being purged from base C:\Users\Aleksandr\AppData\Roaming\npm
121 verbose gentlyRm don't care about contents; nuking C:\Users\Aleksandr\AppData\Roaming\npm\node_modules\grunt2gulp
122 silly vacuum-fs purging C:\Users\Aleksandr\AppData\Roaming\npm\node_modules\grunt2gulp
123 silly vacuum-fs quitting because other entries in C:\Users\Aleksandr\AppData\Roaming\npm\node_modules
